<?xml version="1.0" encoding="UTF-8"?>
<!-- Generated by org.testng.reporters.JUnitReportReporter -->
<testsuite hostname="MWDH-Work2" failures="0" tests="1" name="WebElement.chromWebDriver" time="14.051" errors="0" timestamp="2022-07-23T23:16:31 AST" skipped="0">
  <testcase classname="WebElement.chromWebDriver" name="chrom" time="14.051"/>
  <system-out/>
</testsuite> <!-- WebElement.chromWebDriver -->
